# JRE version: OpenJDK Runtime Environment (17.0.6) (build 17.0.6+0-b2043.56-9586694)
# Java VM: OpenJDK 64-Bit Server VM (17.0.6+0-b2043.56-9586694, mixed mode, tiered, compressed oops, compressed class ptrs, g1 gc, windows-amd64)
GC Precious Log:
 CPUs: 8 total, 8 available
 Memory: 15931M
 Large Page Support: Disabled
 NUMA Support: Disabled
 Compressed Oops: Enabled (32-bit)
 Heap Region Size: 1M
 Heap Min Capacity: 8M
 Heap Initial Capacity: 250M
 Heap Max Capacity: 2G
 Pre-touch: Disabled
 Parallel Workers: 8
 Concurrent Workers: 2
 Concurrent Refinement Workers: 8
 Periodic GC: Disabled
Heap:
 garbage-first heap   total 186368K, used 143955K [0x0000000080000000, 0x0000000100000000)
  region size 1024K, 43 young (44032K), 1 survivors (1024K)
 Metaspace       used 92394K, committed 93056K, reserved 1130496K
  class space    used 12488K, committed 12800K, reserved 1048576K
GC Heap History (20 events):
Event: 15.374 GC heap before
{Heap before GC invocations=31 (full 0):
 garbage-first heap   total 141312K, used 110210K [0x0000000080000000, 0x0000000100000000)
  region size 1024K, 43 young (44032K), 3 survivors (3072K)
 Metaspace       used 78488K, committed 79040K, reserved 1122304K
  class space    used 10585K, committed 10880K, reserved 1048576K
}
Event: 15.379 GC heap after
{Heap after GC invocations=32 (full 0):
 garbage-first heap   total 141312K, used 72059K [0x0000000080000000, 0x0000000100000000)
  region size 1024K, 6 young (6144K), 6 survivors (6144K)
 Metaspace       used 78488K, committed 79040K, reserved 1122304K
  class space    used 10585K, committed 10880K, reserved 1048576K
}
Event: 16.222 GC heap before
{Heap before GC invocations=33 (full 0):
 garbage-first heap   total 141312K, used 111995K [0x0000000080000000, 0x0000000100000000)
  region size 1024K, 45 young (46080K), 6 survivors (6144K)
 Metaspace       used 81487K, committed 82048K, reserved 1122304K
  class space    used 11041K, committed 11264K, reserved 1048576K
}
Event: 16.230 GC heap after
{Heap after GC invocations=34 (full 0):
 garbage-first heap   total 141312K, used 74902K [0x0000000080000000, 0x0000000100000000)
  region size 1024K, 6 young (6144K), 6 survivors (6144K)
 Metaspace       used 81487K, committed 82048K, reserved 1122304K
  class space    used 11041K, committed 11264K, reserved 1048576K
}
Event: 17.206 GC heap before
{Heap before GC invocations=34 (full 0):
 garbage-first heap   total 141312K, used 113814K [0x0000000080000000, 0x0000000100000000)
  region size 1024K, 44 young (45056K), 6 survivors (6144K)
 Metaspace       used 86225K, committed 86848K, reserved 1130496K
  class space    used 11703K, committed 11968K, reserved 1048576K
}
Event: 17.217 GC heap after
{Heap after GC invocations=35 (full 0):
 garbage-first heap   total 141312K, used 78160K [0x0000000080000000, 0x0000000100000000)
  region size 1024K, 6 young (6144K), 6 survivors (6144K)
 Metaspace       used 86225K, committed 86848K, reserved 1130496K
  class space    used 11703K, committed 11968K, reserved 1048576K
}
Event: 17.789 GC heap before
{Heap before GC invocations=36 (full 0):
 garbage-first heap   total 141312K, used 115024K [0x0000000080000000, 0x0000000100000000)
  region size 1024K, 42 young (43008K), 6 survivors (6144K)
 Metaspace       used 87475K, committed 88128K, reserved 1130496K
  class space    used 11866K, committed 12160K, reserved 1048576K
}
Event: 17.798 GC heap after
{Heap after GC invocations=37 (full 0):
 garbage-first heap   total 141312K, used 83421K [0x0000000080000000, 0x0000000100000000)
  region size 1024K, 5 young (5120K), 5 survivors (5120K)
 Metaspace       used 87475K, committed 88128K, reserved 1130496K
  class space    used 11866K, committed 12160K, reserved 1048576K
}
Event: 18.247 GC heap before
{Heap before GC invocations=37 (full 0):
 garbage-first heap   total 141312K, used 116189K [0x0000000080000000, 0x0000000100000000)
  region size 1024K, 37 young (37888K), 5 survivors (5120K)
 Metaspace       used 87747K, committed 88384K, reserved 1130496K
  class space    used 11878K, committed 12160K, reserved 1048576K
}
Event: 18.258 GC heap after
{Heap after GC invocations=38 (full 0):
 garbage-first heap   total 169984K, used 89837K [0x0000000080000000, 0x0000000100000000)
  region size 1024K, 5 young (5120K), 5 survivors (5120K)
 Metaspace       used 87747K, committed 88384K, reserved 1130496K
  class space    used 11878K, committed 12160K, reserved 1048576K
}
Event: 19.701 GC heap before
{Heap before GC invocations=39 (full 0):
 garbage-first heap   total 169984K, used 133869K [0x0000000080000000, 0x0000000100000000)
  region size 1024K, 49 young (50176K), 5 survivors (5120K)
 Metaspace       used 91307K, committed 91904K, reserved 1130496K
  class space    used 12338K, committed 12608K, reserved 1048576K
}
Event: 19.710 GC heap after
{Heap after GC invocations=40 (full 0):
 garbage-first heap   total 169984K, used 97244K [0x0000000080000000, 0x0000000100000000)
  region size 1024K, 7 young (7168K), 7 survivors (7168K)
 Metaspace       used 91307K, committed 91904K, reserved 1130496K
  class space    used 12338K, committed 12608K, reserved 1048576K
}
Event: 19.732 GC heap before
{Heap before GC invocations=40 (full 0):
 garbage-first heap   total 169984K, used 98268K [0x0000000080000000, 0x0000000100000000)
  region size 1024K, 8 young (8192K), 7 survivors (7168K)
 Metaspace       used 91394K, committed 92032K, reserved 1130496K
  class space    used 12351K, committed 12608K, reserved 1048576K
}
Event: 19.743 GC heap after
{Heap after GC invocations=41 (full 0):
 garbage-first heap   total 169984K, used 97652K [0x0000000080000000, 0x0000000100000000)
  region size 1024K, 1 young (1024K), 1 survivors (1024K)
 Metaspace       used 91394K, committed 92032K, reserved 1130496K
  class space    used 12351K, committed 12608K, reserved 1048576K
}
Event: 20.414 GC heap before
{Heap before GC invocations=41 (full 0):
 garbage-first heap   total 169984K, used 135540K [0x0000000080000000, 0x0000000100000000)
  region size 1024K, 39 young (39936K), 1 survivors (1024K)
 Metaspace       used 91928K, committed 92672K, reserved 1130496K
  class space    used 12461K, committed 12800K, reserved 1048576K
}
Event: 20.425 GC heap after
{Heap after GC invocations=42 (full 0):
 garbage-first heap   total 169984K, used 99936K [0x0000000080000000, 0x0000000100000000)
  region size 1024K, 4 young (4096K), 4 survivors (4096K)
 Metaspace       used 91928K, committed 92672K, reserved 1130496K
  class space    used 12461K, committed 12800K, reserved 1048576K
}
Event: 20.864 GC heap before
{Heap before GC invocations=43 (full 0):
 garbage-first heap   total 186368K, used 136800K [0x0000000080000000, 0x0000000100000000)
  region size 1024K, 41 young (41984K), 4 survivors (4096K)
 Metaspace       used 92122K, committed 92864K, reserved 1130496K
  class space    used 12461K, committed 12800K, reserved 1048576K
}
Event: 20.870 GC heap after
{Heap after GC invocations=44 (full 0):
 garbage-first heap   total 186368K, used 102208K [0x0000000080000000, 0x0000000100000000)
  region size 1024K, 6 young (6144K), 6 survivors (6144K)
 Metaspace       used 92122K, committed 92864K, reserved 1130496K
  class space    used 12461K, committed 12800K, reserved 1048576K
}
Event: 20.917 GC heap before
{Heap before GC invocations=44 (full 0):
 garbage-first heap   total 186368K, used 105280K [0x0000000080000000, 0x0000000100000000)
  region size 1024K, 9 young (9216K), 6 survivors (6144K)
 Metaspace       used 92129K, committed 92864K, reserved 1130496K
  class space    used 12461K, committed 12800K, reserved 1048576K
}
Event: 20.922 GC heap after
{Heap after GC invocations=45 (full 0):
 garbage-first heap   total 186368K, used 101971K [0x0000000080000000, 0x0000000100000000)
  region size 1024K, 1 young (1024K), 1 survivors (1024K)
 Metaspace       used 92129K, committed 92864K, reserved 1130496K
  class space    used 12461K, committed 12800K, reserved 1048576K
}

