# JRE version: OpenJDK Runtime Environment (17.0.6) (build 17.0.6+0-b2043.56-9586694)
# Java VM: OpenJDK 64-Bit Server VM (17.0.6+0-b2043.56-9586694, mixed mode, tiered, compressed oops, compressed class ptrs, g1 gc, windows-amd64)
GC Precious Log:
 CPUs: 8 total, 8 available
 Memory: 15931M
 Large Page Support: Disabled
 NUMA Support: Disabled
 Compressed Oops: Enabled (32-bit)
 Heap Region Size: 1M
 Heap Min Capacity: 8M
 Heap Initial Capacity: 250M
 Heap Max Capacity: 2G
 Pre-touch: Disabled
 Parallel Workers: 8
 Concurrent Workers: 2
 Concurrent Refinement Workers: 8
 Periodic GC: Disabled
Heap:
 garbage-first heap   total 348160K, used 199522K [0x0000000080000000, 0x0000000100000000)
  region size 1024K, 11 young (11264K), 11 survivors (11264K)
 Metaspace       used 112602K, committed 113344K, reserved 1155072K
  class space    used 15279K, committed 15616K, reserved 1048576K
GC Heap History (20 events):
Event: 15.681 GC heap after
{Heap after GC invocations=26 (full 0):
 garbage-first heap   total 258048K, used 111317K [0x0000000080000000, 0x0000000100000000)
  region size 1024K, 7 young (7168K), 7 survivors (7168K)
 Metaspace       used 92924K, committed 93632K, reserved 1130496K
  class space    used 12523K, committed 12864K, reserved 1048576K
}
Event: 17.141 GC heap before
{Heap before GC invocations=26 (full 0):
 garbage-first heap   total 258048K, used 203477K [0x0000000080000000, 0x0000000100000000)
  region size 1024K, 98 young (100352K), 7 survivors (7168K)
 Metaspace       used 99964K, committed 100608K, reserved 1138688K
  class space    used 13454K, committed 13760K, reserved 1048576K
}
Event: 17.153 GC heap after
{Heap after GC invocations=27 (full 0):
 garbage-first heap   total 258048K, used 115313K [0x0000000080000000, 0x0000000100000000)
  region size 1024K, 11 young (11264K), 11 survivors (11264K)
 Metaspace       used 99964K, committed 100608K, reserved 1138688K
  class space    used 13454K, committed 13760K, reserved 1048576K
}
Event: 17.658 GC heap before
{Heap before GC invocations=27 (full 0):
 garbage-first heap   total 258048K, used 206449K [0x0000000080000000, 0x0000000100000000)
  region size 1024K, 101 young (103424K), 11 survivors (11264K)
 Metaspace       used 100921K, committed 101696K, reserved 1138688K
  class space    used 13595K, committed 13952K, reserved 1048576K
}
Event: 17.679 GC heap after
{Heap after GC invocations=28 (full 0):
 garbage-first heap   total 258048K, used 121639K [0x0000000080000000, 0x0000000100000000)
  region size 1024K, 11 young (11264K), 11 survivors (11264K)
 Metaspace       used 100921K, committed 101696K, reserved 1138688K
  class space    used 13595K, committed 13952K, reserved 1048576K
}
Event: 18.024 GC heap before
{Heap before GC invocations=28 (full 0):
 garbage-first heap   total 258048K, used 209703K [0x0000000080000000, 0x0000000100000000)
  region size 1024K, 98 young (100352K), 11 survivors (11264K)
 Metaspace       used 101227K, committed 101952K, reserved 1138688K
  class space    used 13630K, committed 13952K, reserved 1048576K
}
Event: 18.034 GC heap after
{Heap after GC invocations=29 (full 0):
 garbage-first heap   total 258048K, used 134046K [0x0000000080000000, 0x0000000100000000)
  region size 1024K, 13 young (13312K), 13 survivors (13312K)
 Metaspace       used 101227K, committed 101952K, reserved 1138688K
  class space    used 13630K, committed 13952K, reserved 1048576K
}
Event: 18.877 GC heap before
{Heap before GC invocations=29 (full 0):
 garbage-first heap   total 258048K, used 207774K [0x0000000080000000, 0x0000000100000000)
  region size 1024K, 86 young (88064K), 13 survivors (13312K)
 Metaspace       used 105125K, committed 105856K, reserved 1146880K
  class space    used 14132K, committed 14464K, reserved 1048576K
}
Event: 18.895 GC heap after
{Heap after GC invocations=30 (full 0):
 garbage-first heap   total 310272K, used 141883K [0x0000000080000000, 0x0000000100000000)
  region size 1024K, 11 young (11264K), 11 survivors (11264K)
 Metaspace       used 105125K, committed 105856K, reserved 1146880K
  class space    used 14132K, committed 14464K, reserved 1048576K
}
Event: 19.962 GC heap before
{Heap before GC invocations=31 (full 0):
 garbage-first heap   total 310272K, used 246331K [0x0000000080000000, 0x0000000100000000)
  region size 1024K, 113 young (115712K), 11 survivors (11264K)
 Metaspace       used 107095K, committed 107776K, reserved 1146880K
  class space    used 14460K, committed 14784K, reserved 1048576K
}
Event: 19.991 GC heap after
{Heap after GC invocations=32 (full 0):
 garbage-first heap   total 310272K, used 159919K [0x0000000080000000, 0x0000000100000000)
  region size 1024K, 15 young (15360K), 15 survivors (15360K)
 Metaspace       used 107095K, committed 107776K, reserved 1146880K
  class space    used 14460K, committed 14784K, reserved 1048576K
}
Event: 20.001 GC heap before
{Heap before GC invocations=32 (full 0):
 garbage-first heap   total 310272K, used 160943K [0x0000000080000000, 0x0000000100000000)
  region size 1024K, 16 young (16384K), 15 survivors (15360K)
 Metaspace       used 107095K, committed 107776K, reserved 1146880K
  class space    used 14460K, committed 14784K, reserved 1048576K
}
Event: 20.022 GC heap after
{Heap after GC invocations=33 (full 0):
 garbage-first heap   total 310272K, used 161753K [0x0000000080000000, 0x0000000100000000)
  region size 1024K, 2 young (2048K), 2 survivors (2048K)
 Metaspace       used 107095K, committed 107776K, reserved 1146880K
  class space    used 14460K, committed 14784K, reserved 1048576K
}
Event: 20.583 GC heap before
{Heap before GC invocations=33 (full 0):
 garbage-first heap   total 310272K, used 244697K [0x0000000080000000, 0x0000000100000000)
  region size 1024K, 83 young (84992K), 2 survivors (2048K)
 Metaspace       used 108713K, committed 109440K, reserved 1146880K
  class space    used 14660K, committed 14976K, reserved 1048576K
}
Event: 20.600 GC heap after
{Heap after GC invocations=34 (full 0):
 garbage-first heap   total 310272K, used 175815K [0x0000000080000000, 0x0000000100000000)
  region size 1024K, 11 young (11264K), 11 survivors (11264K)
 Metaspace       used 108713K, committed 109440K, reserved 1146880K
  class space    used 14660K, committed 14976K, reserved 1048576K
}
Event: 21.050 GC heap before
{Heap before GC invocations=35 (full 0):
 garbage-first heap   total 348160K, used 247495K [0x0000000080000000, 0x0000000100000000)
  region size 1024K, 81 young (82944K), 11 survivors (11264K)
 Metaspace       used 108713K, committed 109440K, reserved 1146880K
  class space    used 14660K, committed 14976K, reserved 1048576K
}
Event: 21.079 GC heap after
{Heap after GC invocations=36 (full 0):
 garbage-first heap   total 348160K, used 187996K [0x0000000080000000, 0x0000000100000000)
  region size 1024K, 11 young (11264K), 11 survivors (11264K)
 Metaspace       used 108713K, committed 109440K, reserved 1146880K
  class space    used 14660K, committed 14976K, reserved 1048576K
}
Event: 21.107 GC heap before
{Heap before GC invocations=36 (full 0):
 garbage-first heap   total 348160K, used 194140K [0x0000000080000000, 0x0000000100000000)
  region size 1024K, 17 young (17408K), 11 survivors (11264K)
 Metaspace       used 108713K, committed 109440K, reserved 1146880K
  class space    used 14660K, committed 14976K, reserved 1048576K
}
Event: 21.119 GC heap after
{Heap after GC invocations=37 (full 0):
 garbage-first heap   total 348160K, used 189663K [0x0000000080000000, 0x0000000100000000)
  region size 1024K, 3 young (3072K), 3 survivors (3072K)
 Metaspace       used 108713K, committed 109440K, reserved 1146880K
  class space    used 14660K, committed 14976K, reserved 1048576K
}
Event: 22.305 GC heap before
{Heap before GC invocations=37 (full 0):
 garbage-first heap   total 348160K, used 275679K [0x0000000080000000, 0x0000000100000000)
  region size 1024K, 87 young (89088K), 3 survivors (3072K)
 Metaspace       used 112602K, committed 113344K, reserved 1155072K
  class space    used 15279K, committed 15616K, reserved 1048576K
}

